<?xml version="1.0" encoding="UTF-8"?>
<testng-results ignored="0" total="8" passed="7" failed="1" skipped="0">
  <reporter-output>
  </reporter-output>
  <suite started-at="2024-08-14T21:30:56 MDT" name="Sony Login and Home Page Test Suite" finished-at="2024-08-14T21:32:42 MDT" duration-ms="106109">
    <groups>
    </groups>
    <test started-at="2024-08-14T21:30:56 MDT" name="Sony Test Cases" finished-at="2024-08-14T21:32:42 MDT" duration-ms="106109">
      <class name="com.sony.qa.testcases.HomePageTest">
        <test-method is-config="true" signature="setUp()[pri:0, instance:com.sony.qa.testcases.HomePageTest@1e6a3214]" started-at="2024-08-14T21:30:56 MDT" name="setUp" finished-at="2024-08-14T21:31:03 MDT" duration-ms="7687" status="PASS">
          <reporter-output>
          </reporter-output>
        </test-method> <!-- setUp -->
        <test-method signature="homePageTitleTest()[pri:1, instance:com.sony.qa.testcases.HomePageTest@1e6a3214]" started-at="2024-08-14T21:31:03 MDT" name="homePageTitleTest" finished-at="2024-08-14T21:31:03 MDT" duration-ms="33" status="PASS">
          <reporter-output>
          </reporter-output>
        </test-method> <!-- homePageTitleTest -->
        <test-method is-config="true" signature="tearDown()[pri:0, instance:com.sony.qa.testcases.HomePageTest@1e6a3214]" started-at="2024-08-14T21:31:03 MDT" name="tearDown" finished-at="2024-08-14T21:31:05 MDT" duration-ms="1302" status="PASS">
          <reporter-output>
          </reporter-output>
        </test-method> <!-- tearDown -->
        <test-method is-config="true" signature="setUp()[pri:0, instance:com.sony.qa.testcases.HomePageTest@1e6a3214]" started-at="2024-08-14T21:31:05 MDT" name="setUp" finished-at="2024-08-14T21:31:10 MDT" duration-ms="5498" status="PASS">
          <reporter-output>
          </reporter-output>
        </test-method> <!-- setUp -->
        <test-method signature="verifyTotalElementInHeaderMenu()[pri:2, instance:com.sony.qa.testcases.HomePageTest@1e6a3214]" started-at="2024-08-14T21:31:10 MDT" name="verifyTotalElementInHeaderMenu" finished-at="2024-08-14T21:31:10 MDT" duration-ms="185" status="PASS">
          <reporter-output>
          </reporter-output>
        </test-method> <!-- verifyTotalElementInHeaderMenu -->
        <test-method is-config="true" signature="tearDown()[pri:0, instance:com.sony.qa.testcases.HomePageTest@1e6a3214]" started-at="2024-08-14T21:31:10 MDT" name="tearDown" finished-at="2024-08-14T21:31:12 MDT" duration-ms="1243" status="PASS">
          <reporter-output>
          </reporter-output>
        </test-method> <!-- tearDown -->
        <test-method is-config="true" signature="setUp()[pri:0, instance:com.sony.qa.testcases.HomePageTest@1e6a3214]" started-at="2024-08-14T21:31:12 MDT" name="setUp" finished-at="2024-08-14T21:31:17 MDT" duration-ms="5521" status="PASS">
          <reporter-output>
          </reporter-output>
        </test-method> <!-- setUp -->
        <test-method signature="numberOfSuggestionInSearchForHeadset()[pri:3, instance:com.sony.qa.testcases.HomePageTest@1e6a3214]" started-at="2024-08-14T21:31:17 MDT" name="numberOfSuggestionInSearchForHeadset" finished-at="2024-08-14T21:31:19 MDT" duration-ms="2303" status="PASS">
          <reporter-output>
          </reporter-output>
        </test-method> <!-- numberOfSuggestionInSearchForHeadset -->
        <test-method is-config="true" signature="tearDown()[pri:0, instance:com.sony.qa.testcases.HomePageTest@1e6a3214]" started-at="2024-08-14T21:31:19 MDT" name="tearDown" finished-at="2024-08-14T21:31:21 MDT" duration-ms="1168" status="PASS">
          <reporter-output>
          </reporter-output>
        </test-method> <!-- tearDown -->
        <test-method is-config="true" signature="setUp()[pri:0, instance:com.sony.qa.testcases.HomePageTest@1e6a3214]" started-at="2024-08-14T21:31:21 MDT" name="setUp" finished-at="2024-08-14T21:31:33 MDT" duration-ms="12359" status="PASS">
          <reporter-output>
          </reporter-output>
        </test-method> <!-- setUp -->
        <test-method signature="totalNumberOfPaymentMethodAvailable()[pri:4, instance:com.sony.qa.testcases.HomePageTest@1e6a3214]" started-at="2024-08-14T21:31:33 MDT" name="totalNumberOfPaymentMethodAvailable" finished-at="2024-08-14T21:31:33 MDT" duration-ms="63" status="PASS">
          <reporter-output>
          </reporter-output>
        </test-method> <!-- totalNumberOfPaymentMethodAvailable -->
        <test-method is-config="true" signature="tearDown()[pri:0, instance:com.sony.qa.testcases.HomePageTest@1e6a3214]" started-at="2024-08-14T21:31:33 MDT" name="tearDown" finished-at="2024-08-14T21:31:34 MDT" duration-ms="1315" status="PASS">
          <reporter-output>
          </reporter-output>
        </test-method> <!-- tearDown -->
        <test-method is-config="true" signature="setUp()[pri:0, instance:com.sony.qa.testcases.HomePageTest@1e6a3214]" started-at="2024-08-14T21:31:34 MDT" name="setUp" finished-at="2024-08-14T21:31:42 MDT" duration-ms="7520" status="PASS">
          <reporter-output>
          </reporter-output>
        </test-method> <!-- setUp -->
        <test-method signature="isTheirAnySpecialOfferGoingOn()[pri:5, instance:com.sony.qa.testcases.HomePageTest@1e6a3214]" started-at="2024-08-14T21:31:42 MDT" name="isTheirAnySpecialOfferGoingOn" finished-at="2024-08-14T21:31:42 MDT" duration-ms="54" status="PASS">
          <reporter-output>
          </reporter-output>
        </test-method> <!-- isTheirAnySpecialOfferGoingOn -->
        <test-method is-config="true" signature="tearDown()[pri:0, instance:com.sony.qa.testcases.HomePageTest@1e6a3214]" started-at="2024-08-14T21:31:42 MDT" name="tearDown" finished-at="2024-08-14T21:31:43 MDT" duration-ms="1185" status="PASS">
          <reporter-output>
          </reporter-output>
        </test-method> <!-- tearDown -->
        <test-method is-config="true" signature="setUp()[pri:0, instance:com.sony.qa.testcases.HomePageTest@1e6a3214]" started-at="2024-08-14T21:31:43 MDT" name="setUp" finished-at="2024-08-14T21:31:49 MDT" duration-ms="5758" status="PASS">
          <reporter-output>
          </reporter-output>
        </test-method> <!-- setUp -->
        <test-method signature="verifySpecialOfferDetails()[pri:6, instance:com.sony.qa.testcases.HomePageTest@1e6a3214]" started-at="2024-08-14T21:31:49 MDT" name="verifySpecialOfferDetails" finished-at="2024-08-14T21:31:49 MDT" depends-on-methods="com.sony.qa.testcases.HomePageTest.isTheirAnySpecialOfferGoingOn" duration-ms="102" status="PASS">
          <reporter-output>
          </reporter-output>
        </test-method> <!-- verifySpecialOfferDetails -->
        <test-method is-config="true" signature="tearDown()[pri:0, instance:com.sony.qa.testcases.HomePageTest@1e6a3214]" started-at="2024-08-14T21:31:49 MDT" name="tearDown" finished-at="2024-08-14T21:31:50 MDT" duration-ms="1312" status="PASS">
          <reporter-output>
          </reporter-output>
        </test-method> <!-- tearDown -->
      </class> <!-- com.sony.qa.testcases.HomePageTest -->
      <class name="com.sony.qa.testcases.LoginPageTest">
        <test-method is-config="true" signature="setUp()[pri:0, instance:com.sony.qa.testcases.LoginPageTest@2034b64c]" started-at="2024-08-14T21:31:50 MDT" name="setUp" finished-at="2024-08-14T21:32:01 MDT" duration-ms="10816" status="PASS">
          <reporter-output>
          </reporter-output>
        </test-method> <!-- setUp -->
        <test-method signature="loginPageTitleTest()[pri:1, instance:com.sony.qa.testcases.LoginPageTest@2034b64c]" started-at="2024-08-14T21:32:01 MDT" name="loginPageTitleTest" finished-at="2024-08-14T21:32:01 MDT" duration-ms="10" status="PASS">
          <reporter-output>
          </reporter-output>
        </test-method> <!-- loginPageTitleTest -->
        <test-method is-config="true" signature="tearDown()[pri:0, instance:com.sony.qa.testcases.LoginPageTest@2034b64c]" started-at="2024-08-14T21:32:01 MDT" name="tearDown" finished-at="2024-08-14T21:32:02 MDT" duration-ms="1371" status="PASS">
          <reporter-output>
          </reporter-output>
        </test-method> <!-- tearDown -->
        <test-method is-config="true" signature="setUp()[pri:0, instance:com.sony.qa.testcases.LoginPageTest@2034b64c]" started-at="2024-08-14T21:32:02 MDT" name="setUp" finished-at="2024-08-14T21:32:13 MDT" duration-ms="10560" status="PASS">
          <reporter-output>
          </reporter-output>
        </test-method> <!-- setUp -->
        <test-method signature="loginTestWrongCredentials()[pri:2, instance:com.sony.qa.testcases.LoginPageTest@2034b64c]" started-at="2024-08-14T21:32:13 MDT" name="loginTestWrongCredentials" finished-at="2024-08-14T21:32:40 MDT" duration-ms="26603" status="FAIL">
          <exception class="org.openqa.selenium.NoSuchElementException">
            <message>
              <![CDATA[Unable to locate element: //div[@class='account-message message--error']
For documentation on this error, please visit: https://www.selenium.dev/documentation/webdriver/troubleshooting/errors#no-such-element-exception
Build info: version: '4.23.0', revision: '4df0a231af'
System info: os.name: 'Windows 10', os.arch: 'amd64', os.version: '10.0', java.version: '17.0.6'
Driver info: org.openqa.selenium.firefox.FirefoxDriver
Command: [8edce783-e81e-4d67-829c-afe2eb77eaf4, findElement {using=xpath, value=//div[@class='account-message message--error']}]
Capabilities {acceptInsecureCerts: true, browserName: firefox, browserVersion: 129.0.1, moz:accessibilityChecks: false, moz:buildID: 20240812083845, moz:debuggerAddress: 127.0.0.1:13554, moz:geckodriverVersion: 0.35.0, moz:headless: false, moz:platformVersion: 10.0, moz:processID: 6412, moz:profile: C:\Users\kshat\AppData\Loca..., moz:shutdownTimeout: 60000, moz:webdriverClick: true, moz:windowless: false, pageLoadStrategy: normal, platformName: windows, proxy: Proxy(), se:cdp: ws://127.0.0.1:13554/devtoo..., se:cdpVersion: 85.0, setWindowRect: true, strictFileInteractability: false, timeouts: {implicit: 0, pageLoad: 300000, script: 30000}, unhandledPromptBehavior: dismiss and notify, userAgent: Mozilla/5.0 (Windows NT 10....}
Session ID: 8edce783-e81e-4d67-829c-afe2eb77eaf4]]>
            </message>
            <full-stacktrace>
              <![CDATA[org.openqa.selenium.NoSuchElementException: Unable to locate element: //div[@class='account-message message--error']
For documentation on this error, please visit: https://www.selenium.dev/documentation/webdriver/troubleshooting/errors#no-such-element-exception
Build info: version: '4.23.0', revision: '4df0a231af'
System info: os.name: 'Windows 10', os.arch: 'amd64', os.version: '10.0', java.version: '17.0.6'
Driver info: org.openqa.selenium.firefox.FirefoxDriver
Command: [8edce783-e81e-4d67-829c-afe2eb77eaf4, findElement {using=xpath, value=//div[@class='account-message message--error']}]
Capabilities {acceptInsecureCerts: true, browserName: firefox, browserVersion: 129.0.1, moz:accessibilityChecks: false, moz:buildID: 20240812083845, moz:debuggerAddress: 127.0.0.1:13554, moz:geckodriverVersion: 0.35.0, moz:headless: false, moz:platformVersion: 10.0, moz:processID: 6412, moz:profile: C:\Users\kshat\AppData\Loca..., moz:shutdownTimeout: 60000, moz:webdriverClick: true, moz:windowless: false, pageLoadStrategy: normal, platformName: windows, proxy: Proxy(), se:cdp: ws://127.0.0.1:13554/devtoo..., se:cdpVersion: 85.0, setWindowRect: true, strictFileInteractability: false, timeouts: {implicit: 0, pageLoad: 300000, script: 30000}, unhandledPromptBehavior: dismiss and notify, userAgent: Mozilla/5.0 (Windows NT 10....}
Session ID: 8edce783-e81e-4d67-829c-afe2eb77eaf4
at java.base/jdk.internal.reflect.NativeConstructorAccessorImpl.newInstance0(Native Method)
at java.base/jdk.internal.reflect.NativeConstructorAccessorImpl.newInstance(NativeConstructorAccessorImpl.java:77)
at java.base/jdk.internal.reflect.DelegatingConstructorAccessorImpl.newInstance(DelegatingConstructorAccessorImpl.java:45)
at java.base/java.lang.reflect.Constructor.newInstanceWithCaller(Constructor.java:499)
at java.base/java.lang.reflect.Constructor.newInstance(Constructor.java:480)
at org.openqa.selenium.remote.ErrorCodec.decode(ErrorCodec.java:167)
at org.openqa.selenium.remote.codec.w3c.W3CHttpResponseCodec.decode(W3CHttpResponseCodec.java:138)
at org.openqa.selenium.remote.codec.w3c.W3CHttpResponseCodec.decode(W3CHttpResponseCodec.java:50)
at org.openqa.selenium.remote.HttpCommandExecutor.execute(HttpCommandExecutor.java:190)
at org.openqa.selenium.remote.service.DriverCommandExecutor.invokeExecute(DriverCommandExecutor.java:216)
at org.openqa.selenium.remote.service.DriverCommandExecutor.execute(DriverCommandExecutor.java:174)
at org.openqa.selenium.remote.RemoteWebDriver.execute(RemoteWebDriver.java:527)
at org.openqa.selenium.remote.ElementLocation$ElementFinder$2.findElement(ElementLocation.java:165)
at org.openqa.selenium.remote.ElementLocation.findElement(ElementLocation.java:59)
at org.openqa.selenium.remote.RemoteWebDriver.findElement(RemoteWebDriver.java:357)
at org.openqa.selenium.remote.RemoteWebDriver.findElement(RemoteWebDriver.java:351)
at java.base/jdk.internal.reflect.NativeMethodAccessorImpl.invoke0(Native Method)
at java.base/jdk.internal.reflect.NativeMethodAccessorImpl.invoke(NativeMethodAccessorImpl.java:77)
at java.base/jdk.internal.reflect.DelegatingMethodAccessorImpl.invoke(DelegatingMethodAccessorImpl.java:43)
at java.base/java.lang.reflect.Method.invoke(Method.java:568)
at org.openqa.selenium.support.decorators.WebDriverDecorator.call(WebDriverDecorator.java:249)
at org.openqa.selenium.support.decorators.DefaultDecorated.call(DefaultDecorated.java:48)
at org.openqa.selenium.support.decorators.WebDriverDecorator.lambda$createProxy$2(WebDriverDecorator.java:321)
at net.bytebuddy.renamed.java.lang.Object$ByteBuddy$6EqwPkyV.findElement(Unknown Source)
at org.openqa.selenium.support.pagefactory.DefaultElementLocator.findElement(DefaultElementLocator.java:68)
at org.openqa.selenium.support.pagefactory.internal.LocatingElementHandler.invoke(LocatingElementHandler.java:38)
at jdk.proxy2/jdk.proxy2.$Proxy36.getText(Unknown Source)
at com.sony.qa.pages.LoginPage.readInvalidLoginErr(LoginPage.java:55)
at com.sony.qa.testcases.LoginPageTest.loginTestWrongCredentials(LoginPageTest.java:42)
at java.base/jdk.internal.reflect.NativeMethodAccessorImpl.invoke0(Native Method)
at java.base/jdk.internal.reflect.NativeMethodAccessorImpl.invoke(NativeMethodAccessorImpl.java:77)
at java.base/jdk.internal.reflect.DelegatingMethodAccessorImpl.invoke(DelegatingMethodAccessorImpl.java:43)
at java.base/java.lang.reflect.Method.invoke(Method.java:568)
at org.testng.internal.invokers.MethodInvocationHelper.invokeMethod(MethodInvocationHelper.java:141)
at org.testng.internal.invokers.TestInvoker.invokeMethod(TestInvoker.java:686)
at org.testng.internal.invokers.TestInvoker.invokeTestMethod(TestInvoker.java:230)
at org.testng.internal.invokers.MethodRunner.runInSequence(MethodRunner.java:63)
at org.testng.internal.invokers.TestInvoker$MethodInvocationAgent.invoke(TestInvoker.java:992)
at org.testng.internal.invokers.TestInvoker.invokeTestMethods(TestInvoker.java:203)
at org.testng.internal.invokers.TestMethodWorker.invokeTestMethods(TestMethodWorker.java:154)
at org.testng.internal.invokers.TestMethodWorker.run(TestMethodWorker.java:134)
at java.base/java.util.ArrayList.forEach(ArrayList.java:1511)
at org.testng.TestRunner.privateRun(TestRunner.java:739)
at org.testng.TestRunner.run(TestRunner.java:614)
at org.testng.SuiteRunner.runTest(SuiteRunner.java:421)
at org.testng.SuiteRunner.runSequentially(SuiteRunner.java:413)
at org.testng.SuiteRunner.privateRun(SuiteRunner.java:373)
at org.testng.SuiteRunner.run(SuiteRunner.java:312)
at org.testng.SuiteRunnerWorker.runSuite(SuiteRunnerWorker.java:52)
at org.testng.SuiteRunnerWorker.run(SuiteRunnerWorker.java:95)
at org.testng.TestNG.runSuitesSequentially(TestNG.java:1274)
at org.testng.TestNG.runSuitesLocally(TestNG.java:1208)
at org.testng.TestNG.runSuites(TestNG.java:1112)
at org.testng.TestNG.run(TestNG.java:1079)
at org.testng.remote.AbstractRemoteTestNG.run(AbstractRemoteTestNG.java:115)
at org.testng.remote.RemoteTestNG.initAndRun(RemoteTestNG.java:293)
at org.testng.remote.RemoteTestNG.main(RemoteTestNG.java:91)
]]>
            </full-stacktrace>
          </exception> <!-- org.openqa.selenium.NoSuchElementException -->
          <reporter-output>
          </reporter-output>
        </test-method> <!-- loginTestWrongCredentials -->
        <test-method is-config="true" signature="tearDown()[pri:0, instance:com.sony.qa.testcases.LoginPageTest@2034b64c]" started-at="2024-08-14T21:32:40 MDT" name="tearDown" finished-at="2024-08-14T21:32:42 MDT" duration-ms="2072" status="PASS">
          <reporter-output>
          </reporter-output>
        </test-method> <!-- tearDown -->
      </class> <!-- com.sony.qa.testcases.LoginPageTest -->
    </test> <!-- Sony Test Cases -->
  </suite> <!-- Sony Login and Home Page Test Suite -->
</testng-results>
